<?xml version="1.0" encoding="utf-8"?><testsuite errors="0" failures="0" name="pytest" skips="0" tests="20" time="5.171"><testcase classname="NSD_test.TestCaseMethods" name="test_enable_and_disable_NSD" time="0.545323848724"/><testcase classname="NSD_test.TestCaseMethods" name="test_no_input_delete_nsd" time="0.216116905212"/><testcase classname="NSD_test.TestCaseMethods" name="test_no_input_disable_nsd" time="0.216392993927"/><testcase classname="NSD_test.TestCaseMethods" name="test_no_input_enable_nsd" time="0.207953929901"/><testcase classname="NSD_test.TestCaseMethods" name="test_no_input_nsd" time="0.209620952606"/><testcase classname="NSD_test.TestCaseMethods" name="test_no_input_query_nsd" time="0.215621948242"/><testcase classname="NSD_test.TestCaseMethods" name="test_no_input_update_nsd" time="0.207708835602"/><testcase classname="NSD_test.TestCaseMethods" name="test_no_package_delete_nsd" time="0.257437944412"/><testcase classname="NSD_test.TestCaseMethods" name="test_no_package_disable_nsd" time="0.207973957062"/><testcase classname="NSD_test.TestCaseMethods" name="test_no_package_enable_nsd" time="0.224427938461"/><testcase classname="NSD_test.TestCaseMethods" name="test_no_package_query_nsd" time="0.224657058716"/><testcase classname="NSD_test.TestCaseMethods" name="test_not_allowed_file_nsd" time="0.208074092865"/><testcase classname="NSD_test.TestCaseMethods" name="test_not_allowed_file_update_nsd" time="0.217200040817"/><testcase classname="NSD_test.TestCaseMethods" name="test_update_nsd" time="0.441682100296"/><testcase classname="NSD_test.TestCaseMethods" name="test_wrong_input_nsd" time="0.215809822083"/><testcase classname="NSD_test.TestCaseMethods" name="test_wrong_input_update_nsd" time="0.224535942078"/><testcase classname="NSD_test.TestCaseMethods" name="test_wrong_nsd_name_version_delete_nsd" time="0.20795083046"/><testcase classname="NSD_test.TestCaseMethods" name="test_wrong_nsd_name_version_disable_nsd" time="0.2082259655"/><testcase classname="NSD_test.TestCaseMethods" name="test_wrong_nsd_name_version_enable_nsd" time="0.267491102219"/><testcase classname="NSD_test.TestCaseMethods" name="test_wrong_nsd_name_version_query_nsd" time="0.249387979507"/></testsuite>